0 info it worked if it ends with ok
1 verbose cli [ '/Users/srivigneshwar/.nvm/versions/node/v8.9.0/bin/node',
1 verbose cli   '/Users/srivigneshwar/whistle-dev/thewhistle_2/node_modules/.bin/npm',
1 verbose cli   'run',
1 verbose cli   'lint-node' ]
2 info using npm@3.10.10
3 info using node@v8.9.0
4 warn invalid config loglevel="notice"
5 verbose run-script [ 'prelint-node', 'lint-node', 'postlint-node' ]
6 info lifecycle thewhistle@0.0.0~prelint-node: thewhistle@0.0.0
7 silly lifecycle thewhistle@0.0.0~prelint-node: no script for prelint-node, continuing
8 info lifecycle thewhistle@0.0.0~lint-node: thewhistle@0.0.0
9 verbose lifecycle thewhistle@0.0.0~lint-node: unsafe-perm in lifecycle true
10 verbose lifecycle thewhistle@0.0.0~lint-node: PATH: /Users/srivigneshwar/whistle-dev/thewhistle_2/node_modules/npm/bin/node-gyp-bin:/Users/srivigneshwar/whistle-dev/thewhistle_2/node_modules/.bin:/Users/srivigneshwar/.nvm/versions/node/v8.9.0/lib/node_modules/npm/bin/node-gyp-bin:/Users/srivigneshwar/whistle-dev/thewhistle_2/node_modules/.bin:/Users/srivigneshwar/.nvm/versions/node/v8.9.0/bin:/usr/local/bin:/usr/bin:/bin:/usr/sbin:/sbin:/opt/X11/bin:/opt/local/bin:/opt/local/sbin:/usr/local/sbin:/Users/srivigneshwar/.rvm/bin
11 verbose lifecycle thewhistle@0.0.0~lint-node: CWD: /Users/srivigneshwar/whistle-dev/thewhistle_2
12 silly lifecycle thewhistle@0.0.0~lint-node: Args: [ '-c',
12 silly lifecycle   'eslint --env node --ignore-pattern public --ignore-pattern /cypress .' ]
13 silly lifecycle thewhistle@0.0.0~lint-node: Returned: code: 1  signal: null
14 info lifecycle thewhistle@0.0.0~lint-node: Failed to exec lint-node script
15 verbose stack Error: thewhistle@0.0.0 lint-node: `eslint --env node --ignore-pattern public --ignore-pattern /cypress .`
15 verbose stack Exit status 1
15 verbose stack     at EventEmitter.<anonymous> (/Users/srivigneshwar/whistle-dev/thewhistle_2/node_modules/npm/lib/utils/lifecycle.js:255:16)
15 verbose stack     at emitTwo (events.js:126:13)
15 verbose stack     at EventEmitter.emit (events.js:214:7)
15 verbose stack     at ChildProcess.<anonymous> (/Users/srivigneshwar/whistle-dev/thewhistle_2/node_modules/npm/lib/utils/spawn.js:40:14)
15 verbose stack     at emitTwo (events.js:126:13)
15 verbose stack     at ChildProcess.emit (events.js:214:7)
15 verbose stack     at maybeClose (internal/child_process.js:925:16)
15 verbose stack     at Process.ChildProcess._handle.onexit (internal/child_process.js:209:5)
16 verbose pkgid thewhistle@0.0.0
17 verbose cwd /Users/srivigneshwar/whistle-dev/thewhistle_2
18 error Darwin 16.7.0
19 error argv "/Users/srivigneshwar/.nvm/versions/node/v8.9.0/bin/node" "/Users/srivigneshwar/whistle-dev/thewhistle_2/node_modules/.bin/npm" "run" "lint-node"
20 error node v8.9.0
21 error npm  v3.10.10
22 error code ELIFECYCLE
23 error thewhistle@0.0.0 lint-node: `eslint --env node --ignore-pattern public --ignore-pattern /cypress .`
23 error Exit status 1
24 error Failed at the thewhistle@0.0.0 lint-node script 'eslint --env node --ignore-pattern public --ignore-pattern /cypress .'.
24 error Make sure you have the latest version of node.js and npm installed.
24 error If you do, this is most likely a problem with the thewhistle package,
24 error not with npm itself.
24 error Tell the author that this fails on your system:
24 error     eslint --env node --ignore-pattern public --ignore-pattern /cypress .
24 error You can get information on how to open an issue for this project with:
24 error     npm bugs thewhistle
24 error Or if that isn't available, you can get their info via:
24 error     npm owner ls thewhistle
24 error There is likely additional logging output above.
25 verbose exit [ 1, true ]
